<?xml version="1.0" encoding="UTF-8"?>
<!-- Generated by org.testng.reporters.JUnitReportReporter -->
<testsuite skipped="0" hostname="LAPTOP-QIK84FHM" name="org.example.LoginPageTest" tests="3" failures="0" timestamp="2023-03-02T17:50:11 EST" time="12.259" errors="0">
  <testcase name="validCredslogintest" time="3.562" classname="org.example.LoginPageTest"/>
  <system-out/>
  <testcase name="invalidPasswordlogintest" time="4.109" classname="org.example.LoginPageTest"/>
  <system-out/>
  <testcase name="invalidUsernamelogintest" time="4.588" classname="org.example.LoginPageTest"/>
  <system-out/>
</testsuite> <!-- org.example.LoginPageTest -->
