<?xml version="1.0" encoding="UTF-8"?>
<!-- Generated by org.testng.reporters.JUnitReportReporter -->
<testsuite skipped="0" hostname="LAPTOP-QIK84FHM" name="org.example.DynamicControlsTest" tests="2" failures="0" timestamp="2023-03-02T17:50:11 EST" time="23.207" errors="0">
  <testcase name="testToAddOrRemoveButton" time="11.357" classname="org.example.DynamicControlsTest"/>
  <system-out/>
  <testcase name="testToEnableOrDisableButton" time="11.850" classname="org.example.DynamicControlsTest"/>
  <system-out/>
</testsuite> <!-- org.example.DynamicControlsTest -->
