<?xml version="1.0" encoding="UTF-8"?>
<!-- Generated by org.testng.reporters.JUnitReportReporter -->
<testsuite skipped="0" hostname="LAPTOP-QIK84FHM" name="org.example.FileDownloadTest" tests="1" failures="0" timestamp="2023-02-28T14:34:06 EST" time="3.167" errors="0">
  <testcase name="FileDownloadTest" time="3.167" classname="org.example.FileDownloadTest"/>
  <system-out/>
</testsuite> <!-- org.example.FileDownloadTest -->
