<?xml version="1.0" encoding="UTF-8"?>
<!-- Generated by org.testng.reporters.JUnitReportReporter -->
<testsuite skipped="0" hostname="LAPTOP-QIK84FHM" name="org.example.CheckBoxTest" tests="2" failures="0" timestamp="2023-03-02T17:50:11 EST" time="9.916" errors="0">
  <testcase name="Check_and_Uncheck_CheckBox1" time="6.030" classname="org.example.CheckBoxTest"/>
  <system-out/>
  <testcase name="Check_and_Uncheck_CheckBox2" time="3.886" classname="org.example.CheckBoxTest"/>
  <system-out/>
</testsuite> <!-- org.example.CheckBoxTest -->
