<?xml version="1.0" encoding="UTF-8"?>
<!-- Generated by org.testng.reporters.JUnitReportReporter -->
<testsuite skipped="0" hostname="LAPTOP-QIK84FHM" name="org.example.FloatingMenuTest" tests="1" failures="0" timestamp="2023-03-02T17:50:11 EST" time="1.416" errors="0">
  <testcase name="TestFloatingMenu" time="1.416" classname="org.example.FloatingMenuTest"/>
  <system-out/>
</testsuite> <!-- org.example.FloatingMenuTest -->
