<?xml version="1.0" encoding="UTF-8"?>
<!-- Generated by org.testng.reporters.JUnitReportReporter -->
<testsuite skipped="0" hostname="LAPTOP-QIK84FHM" name="org.example.JavaScriptAlertsTest" tests="3" failures="0" timestamp="2023-03-02T17:50:11 EST" time="11.102" errors="0">
  <testcase name="JSConfirmTest" time="3.668" classname="org.example.JavaScriptAlertsTest"/>
  <system-out/>
  <testcase name="JSAlertTest" time="3.914" classname="org.example.JavaScriptAlertsTest"/>
  <system-out/>
  <testcase name="JSPromptTest" time="3.520" classname="org.example.JavaScriptAlertsTest"/>
  <system-out/>
</testsuite> <!-- org.example.JavaScriptAlertsTest -->
