<?xml version="1.0" encoding="UTF-8"?>
<!-- Generated by org.testng.reporters.JUnitReportReporter -->
<testsuite skipped="0" hostname="LAPTOP-QIK84FHM" name="org.example.DropDownTest" tests="2" failures="0" timestamp="2023-03-02T17:50:11 EST" time="8.350" errors="0">
  <testcase name="Option2Test" time="4.620" classname="org.example.DropDownTest"/>
  <system-out/>
  <testcase name="Option1Test" time="3.730" classname="org.example.DropDownTest"/>
  <system-out/>
</testsuite> <!-- org.example.DropDownTest -->
